<?xml version="1.0" encoding="UTF-8"?>
<!-- Generated by org.testng.reporters.JUnitXMLReporter -->
<testsuite ignored="0" hostname="SEZ-WS-47" failures="0" tests="4" name="Default test" time="9.392" errors="0" timestamp="2023-03-22T11:10:47 IST">
  <testcase classname="testCases.loginTest" name="login" time="0.282"/>
  <testcase classname="testCases.loginTest" name="editProfile" time="0.012"/>
  <testcase classname="testCases.loginTest" name="logoutuser" time="0.006"/>
  <testcase classname="testCases.loginTest" name="userReg" time="2.384"/>
</testsuite> <!-- Default test -->
