<?xml version="1.0" encoding="UTF-8"?>
<!-- Generated by org.testng.reporters.JUnitXMLReporter -->
<testsuite ignored="0" hostname="SEZ-WS-47" failures="0" tests="4" name="Default test" time="82.34" errors="0" timestamp="2023-03-17T13:01:48 IST">
  <testcase classname="testCases.loginTest" name="login" time="0.366"/>
  <testcase classname="testCases.loginTest" name="editProfile" time="0.021"/>
  <testcase classname="testCases.loginTest" name="logoutuser" time="0.007"/>
  <testcase classname="testCases.loginTest" name="userReg" time="69.995"/>
</testsuite> <!-- Default test -->
