<?xml version="1.0" encoding="UTF-8"?>
<!-- Generated by org.testng.reporters.JUnitXMLReporter -->
<testsuite ignored="2" hostname="SEZ-WS-47" failures="1" tests="2" name="Test" time="16.339" errors="0" timestamp="2023-02-14T17:25:57 IST">
  <testcase classname="testCases.Login" name="loginoperation" time="7.492"/>
  <testcase classname="testCases.AddProducts" name="addproductoperation" time="0.188">
    <failure type="java.lang.NullPointerException" message="Cannot invoke &amp;quot;org.openqa.selenium.WebDriver.findElement(org.openqa.selenium.By)&amp;quot; because &amp;quot;this.driver&amp;quot; is null">
      <![CDATA[java.lang.NullPointerException: Cannot invoke "org.openqa.selenium.WebDriver.findElement(org.openqa.selenium.By)" because "this.driver" is null
at pages.AddProductsPage.clickcoredata(AddProductsPage.java:38)
at testCases.AddProducts.addproductoperation(AddProducts.java:31)
at java.base/java.util.ArrayList.forEach(ArrayList.java:1511)
... Removed 27 stack frames]]>
    </failure>
  </testcase> <!-- addproductoperation -->
  <testcase classname="utilities.Base" name="@BeforeTest beforetest" time="0.0">
    <ignored/>
  </testcase> <!-- @BeforeTest beforetest -->
  <testcase classname="utilities.Base" name="@AfterTest aftertest" time="0.0">
    <ignored/>
  </testcase> <!-- @AfterTest aftertest -->
</testsuite> <!-- Test -->
