<?xml version="1.0" encoding="UTF-8"?>
<testng-results ignored="0" total="1" passed="1" failed="0" skipped="0">
  <reporter-output>
  </reporter-output>
  <suite started-at="2023-04-27T15:22:35 IST" name="Default suite" finished-at="2023-04-27T15:23:32 IST" duration-ms="56457">
    <groups>
    </groups>
    <test started-at="2023-04-27T15:22:35 IST" name="Default test" finished-at="2023-04-27T15:23:32 IST" duration-ms="56457">
      <class name="testCases.OrdersTest">
        <test-method is-config="true" signature="beforetest()[pri:0, instance:testCases.OrdersTest@67c119b7]" started-at="2023-04-27T15:22:35 IST" name="beforetest" finished-at="2023-04-27T15:22:41 IST" duration-ms="5636" status="PASS">
          <reporter-output>
          </reporter-output>
        </test-method> <!-- beforetest -->
        <test-method signature="ordersFilter()[pri:0, instance:testCases.OrdersTest@67c119b7]" started-at="2023-04-27T15:22:41 IST" name="ordersFilter" finished-at="2023-04-27T15:23:31 IST" duration-ms="50414" status="PASS">
          <reporter-output>
          </reporter-output>
        </test-method> <!-- ordersFilter -->
      </class> <!-- testCases.OrdersTest -->
    </test> <!-- Default test -->
  </suite> <!-- Default suite -->
</testng-results>
